  소스.c
C:\Program Files (x86)\Microsoft Visual Studio\2019\Community\VC\Tools\MSVC\14.24.28314\include\cstdint(21,1): error C2061: 구문 오류: 식별자 'std'
C:\Program Files (x86)\Microsoft Visual Studio\2019\Community\VC\Tools\MSVC\14.24.28314\include\cstdint(21,1): error C2059: 구문 오류: ';'
C:\Program Files (x86)\Microsoft Visual Studio\2019\Community\VC\Tools\MSVC\14.24.28314\include\cstdint(21,1): error C2449: 파일 범위에 '{'가 있습니다. 함수 헤더가 없는 것 같습니다.
C:\Program Files (x86)\Microsoft Visual Studio\2019\Community\VC\Tools\MSVC\14.24.28314\include\cstdint(89,1): error C2059: 구문 오류: '}'
C:\Program Files (x86)\Microsoft Visual Studio\2019\Community\VC\Tools\MSVC\14.24.28314\include\cstdlib(23,62): error C2061: 구문 오류: 식별자 'noexcept'
C:\Program Files (x86)\Microsoft Visual Studio\2019\Community\VC\Tools\MSVC\14.24.28314\include\cstdlib(23,62): error C2059: 구문 오류: ';'
C:\Program Files (x86)\Microsoft Visual Studio\2019\Community\VC\Tools\MSVC\14.24.28314\include\cstdlib(23,90): error C2449: 파일 범위에 '{'가 있습니다. 함수 헤더가 없는 것 같습니다.
C:\Program Files (x86)\Microsoft Visual Studio\2019\Community\VC\Tools\MSVC\14.24.28314\include\cstdlib(25,1): error C2059: 구문 오류: '}'
C:\Program Files (x86)\Microsoft Visual Studio\2019\Community\VC\Tools\MSVC\14.24.28314\include\cstdlib(31,72): error C2061: 구문 오류: 식별자 'noexcept'
C:\Program Files (x86)\Microsoft Visual Studio\2019\Community\VC\Tools\MSVC\14.24.28314\include\cstdlib(31,72): error C2059: 구문 오류: ';'
C:\Program Files (x86)\Microsoft Visual Studio\2019\Community\VC\Tools\MSVC\14.24.28314\include\cstdlib(31,100): error C2449: 파일 범위에 '{'가 있습니다. 함수 헤더가 없는 것 같습니다.
C:\Program Files (x86)\Microsoft Visual Studio\2019\Community\VC\Tools\MSVC\14.24.28314\include\cstdlib(33,1): error C2059: 구문 오류: '}'
C:\Program Files (x86)\Microsoft Visual Studio\2019\Community\VC\Tools\MSVC\14.24.28314\include\cstdio(33,1): error C2061: 구문 오류: 식별자 'std'
C:\Program Files (x86)\Microsoft Visual Studio\2019\Community\VC\Tools\MSVC\14.24.28314\include\cstdio(33,1): error C2059: 구문 오류: ';'
C:\Program Files (x86)\Microsoft Visual Studio\2019\Community\VC\Tools\MSVC\14.24.28314\include\cstdio(33,1): error C2449: 파일 범위에 '{'가 있습니다. 함수 헤더가 없는 것 같습니다.
C:\Program Files (x86)\Microsoft Visual Studio\2019\Community\VC\Tools\MSVC\14.24.28314\include\cstdio(91,1): error C2059: 구문 오류: '}'
C:\Program Files (x86)\Microsoft Visual Studio\2019\Community\VC\Tools\MSVC\14.24.28314\include\type_traits(423,33): error C4233: 비표준 확장이 사용됨: '__is_union' 키워드는 C++에서만 지원되고 C에서는 지원되지 않습니다.
C:\Program Files (x86)\Microsoft Visual Studio\2019\Community\VC\Tools\MSVC\14.24.28314\include\type_traits(426,41): error C4233: 비표준 확장이 사용됨: '__is_union' 키워드는 C++에서만 지원되고 C에서는 지원되지 않습니다.
C:\Program Files (x86)\Microsoft Visual Studio\2019\Community\VC\Tools\MSVC\14.24.28314\include\type_traits(430,33): error C4233: 비표준 확장이 사용됨: '__is_class' 키워드는 C++에서만 지원되고 C에서는 지원되지 않습니다.
C:\Program Files (x86)\Microsoft Visual Studio\2019\Community\VC\Tools\MSVC\14.24.28314\include\type_traits(433,41): error C4233: 비표준 확장이 사용됨: '__is_class' 키워드는 C++에서만 지원되고 C에서는 지원되지 않습니다.
C:\Program Files (x86)\Microsoft Visual Studio\2019\Community\VC\Tools\MSVC\14.24.28314\include\type_traits(451,39): error C4233: 비표준 확장이 사용됨: '__is_convertible_to' 키워드는 C++에서만 지원되고 C에서는 지원되지 않습니다.
C:\Program Files (x86)\Microsoft Visual Studio\2019\Community\VC\Tools\MSVC\14.24.28314\include\type_traits(456,47): error C4233: 비표준 확장이 사용됨: '__is_convertible_to' 키워드는 C++에서만 지원되고 C에서는 지원되지 않습니다.
C:\Program Files (x86)\Microsoft Visual Studio\2019\Community\VC\Tools\MSVC\14.24.28314\include\type_traits(460,32): error C4233: 비표준 확장이 사용됨: '__is_enum' 키워드는 C++에서만 지원되고 C에서는 지원되지 않습니다.
C:\Program Files (x86)\Microsoft Visual Studio\2019\Community\VC\Tools\MSVC\14.24.28314\include\type_traits(463,40): error C4233: 비표준 확장이 사용됨: '__is_enum' 키워드는 C++에서만 지원되고 C에서는 지원되지 않습니다.
C:\Program Files (x86)\Microsoft Visual Studio\2019\Community\VC\Tools\MSVC\14.24.28314\include\type_traits(509,31): error C4233: 비표준 확장이 사용됨: '__is_pod' 키워드는 C++에서만 지원되고 C에서는 지원되지 않습니다.
C:\Program Files (x86)\Microsoft Visual Studio\2019\Community\VC\Tools\MSVC\14.24.28314\include\type_traits(512,39): error C4233: 비표준 확장이 사용됨: '__is_pod' 키워드는 C++에서만 지원되고 C에서는 지원되지 않습니다.
C:\Program Files (x86)\Microsoft Visual Studio\2019\Community\VC\Tools\MSVC\14.24.28314\include\type_traits(516,33): error C4233: 비표준 확장이 사용됨: '__is_empty' 키워드는 C++에서만 지원되고 C에서는 지원되지 않습니다.
C:\Program Files (x86)\Microsoft Visual Studio\2019\Community\VC\Tools\MSVC\14.24.28314\include\type_traits(519,41): error C4233: 비표준 확장이 사용됨: '__is_empty' 키워드는 C++에서만 지원되고 C에서는 지원되지 않습니다.
C:\Program Files (x86)\Microsoft Visual Studio\2019\Community\VC\Tools\MSVC\14.24.28314\include\type_traits(523,39): error C4233: 비표준 확장이 사용됨: '__is_polymorphic' 키워드는 C++에서만 지원되고 C에서는 지원되지 않습니다.
C:\Program Files (x86)\Microsoft Visual Studio\2019\Community\VC\Tools\MSVC\14.24.28314\include\type_traits(526,47): error C4233: 비표준 확장이 사용됨: '__is_polymorphic' 키워드는 C++에서만 지원되고 C에서는 지원되지 않습니다.
C:\Program Files (x86)\Microsoft Visual Studio\2019\Community\VC\Tools\MSVC\14.24.28314\include\type_traits(530,36): error C4233: 비표준 확장이 사용됨: '__is_abstract' 키워드는 C++에서만 지원되고 C에서는 지원되지 않습니다.
C:\Program Files (x86)\Microsoft Visual Studio\2019\Community\VC\Tools\MSVC\14.24.28314\include\type_traits(533,44): error C4233: 비표준 확장이 사용됨: '__is_abstract' 키워드는 C++에서만 지원되고 C에서는 지원되지 않습니다.
C:\Program Files (x86)\Microsoft Visual Studio\2019\Community\VC\Tools\MSVC\14.24.28314\include\type_traits(537,33): error C4233: 비표준 확장이 사용됨: '__is_final' 키워드는 C++에서만 지원되고 C에서는 지원되지 않습니다.
C:\Program Files (x86)\Microsoft Visual Studio\2019\Community\VC\Tools\MSVC\14.24.28314\include\type_traits(540,41): error C4233: 비표준 확장이 사용됨: '__is_final' 키워드는 C++에서만 지원되고 C에서는 지원되지 않습니다.
C:\Program Files (x86)\Microsoft Visual Studio\2019\Community\VC\Tools\MSVC\14.24.28314\include\type_traits(544,43): error C4233: 비표준 확장이 사용됨: '__is_standard_layout' 키워드는 C++에서만 지원되고 C에서는 지원되지 않습니다.
C:\Program Files (x86)\Microsoft Visual Studio\2019\Community\VC\Tools\MSVC\14.24.28314\include\type_traits(547,51): error C4233: 비표준 확장이 사용됨: '__is_standard_layout' 키워드는 C++에서만 지원되고 C에서는 지원되지 않습니다.
C:\Program Files (x86)\Microsoft Visual Studio\2019\Community\VC\Tools\MSVC\14.24.28314\include\type_traits(551,73): error C4233: 비표준 확장이 사용됨: '__is_literal_type' 키워드는 C++에서만 지원되고 C에서는 지원되지 않습니다.
C:\Program Files (x86)\Microsoft Visual Studio\2019\Community\VC\Tools\MSVC\14.24.28314\include\type_traits(556,81): error C4233: 비표준 확장이 사용됨: '__is_literal_type' 키워드는 C++에서만 지원되고 C에서는 지원되지 않습니다.
C:\Program Files (x86)\Microsoft Visual Studio\2019\Community\VC\Tools\MSVC\14.24.28314\include\type_traits(561,35): error C4233: 비표준 확장이 사용됨: '__is_trivially_constructible' 키워드는 C++에서만 지원되고 C에서는 지원되지 않습니다.
C:\Program Files (x86)\Microsoft Visual Studio\2019\Community\VC\Tools\MSVC\14.24.28314\include\type_traits(561,72): error C4233: 비표준 확장이 사용됨: '__is_trivially_copyable' 키워드는 C++에서만 지원되고 C에서는 지원되지 않습니다.
C:\Program Files (x86)\Microsoft Visual Studio\2019\Community\VC\Tools\MSVC\14.24.28314\include\type_traits(566,43): error C4233: 비표준 확장이 사용됨: '__is_trivially_constructible' 키워드는 C++에서만 지원되고 C에서는 지원되지 않습니다.
C:\Program Files (x86)\Microsoft Visual Studio\2019\Community\VC\Tools\MSVC\14.24.28314\include\type_traits(566,80): error C4233: 비표준 확장이 사용됨: '__is_trivially_copyable' 키워드는 C++에서만 지원되고 C에서는 지원되지 않습니다.
C:\Program Files (x86)\Microsoft Visual Studio\2019\Community\VC\Tools\MSVC\14.24.28314\include\type_traits(577,46): error C4233: 비표준 확장이 사용됨: '__is_trivially_copyable' 키워드는 C++에서만 지원되고 C에서는 지원되지 않습니다.
C:\Program Files (x86)\Microsoft Visual Studio\2019\Community\VC\Tools\MSVC\14.24.28314\include\type_traits(582,54): error C4233: 비표준 확장이 사용됨: '__is_trivially_copyable' 키워드는 C++에서만 지원되고 C에서는 지원되지 않습니다.
C:\Program Files (x86)\Microsoft Visual Studio\2019\Community\VC\Tools\MSVC\14.24.28314\include\type_traits(586,47): error C4233: 비표준 확장이 사용됨: '__has_virtual_destructor' 키워드는 C++에서만 지원되고 C에서는 지원되지 않습니다.
C:\Program Files (x86)\Microsoft Visual Studio\2019\Community\VC\Tools\MSVC\14.24.28314\include\type_traits(591,55): error C4233: 비표준 확장이 사용됨: '__has_virtual_destructor' 키워드는 C++에서만 지원되고 C에서는 지원되지 않습니다.
C:\Program Files (x86)\Microsoft Visual Studio\2019\Community\VC\Tools\MSVC\14.24.28314\include\type_traits(614,41): error C4233: 비표준 확장이 사용됨: '__is_constructible' 키워드는 C++에서만 지원되고 C에서는 지원되지 않습니다.
C:\Program Files (x86)\Microsoft Visual Studio\2019\Community\VC\Tools\MSVC\14.24.28314\include\type_traits(619,49): error C4233: 비표준 확장이 사용됨: '__is_constructible' 키워드는 C++에서만 지원되고 C에서는 지원되지 않습니다.
C:\Program Files (x86)\Microsoft Visual Studio\2019\Community\VC\Tools\MSVC\14.24.28314\include\type_traits(623,46): error C4233: 비표준 확장이 사용됨: '__is_constructible' 키워드는 C++에서만 지원되고 C에서는 지원되지 않습니다.
C:\Program Files (x86)\Microsoft Visual Studio\2019\Community\VC\Tools\MSVC\14.24.28314\include\type_traits(628,54): error C4233: 비표준 확장이 사용됨: '__is_constructible' 키워드는 C++에서만 지원되고 C에서는 지원되지 않습니다.
C:\Program Files (x86)\Microsoft Visual Studio\2019\Community\VC\Tools\MSVC\14.24.28314\include\type_traits(632,49): error C4233: 비표준 확장이 사용됨: '__is_constructible' 키워드는 C++에서만 지원되고 C에서는 지원되지 않습니다.
C:\Program Files (x86)\Microsoft Visual Studio\2019\Community\VC\Tools\MSVC\14.24.28314\include\type_traits(637,57): error C4233: 비표준 확장이 사용됨: '__is_constructible' 키워드는 C++에서만 지원되고 C에서는 지원되지 않습니다.
C:\Program Files (x86)\Microsoft Visual Studio\2019\Community\VC\Tools\MSVC\14.24.28314\include\type_traits(654,46): error C4233: 비표준 확장이 사용됨: '__is_constructible' 키워드는 C++에서만 지원되고 C에서는 지원되지 않습니다.
C:\Program Files (x86)\Microsoft Visual Studio\2019\Community\VC\Tools\MSVC\14.24.28314\include\type_traits(659,54): error C4233: 비표준 확장이 사용됨: '__is_constructible' 키워드는 C++에서만 지원되고 C에서는 지원되지 않습니다.
C:\Program Files (x86)\Microsoft Visual Studio\2019\Community\VC\Tools\MSVC\14.24.28314\include\type_traits(663,38): error C4233: 비표준 확장이 사용됨: '__is_assignable' 키워드는 C++에서만 지원되고 C에서는 지원되지 않습니다.
C:\Program Files (x86)\Microsoft Visual Studio\2019\Community\VC\Tools\MSVC\14.24.28314\include\type_traits(666,46): error C4233: 비표준 확장이 사용됨: '__is_assignable' 키워드는 C++에서만 지원되고 C에서는 지원되지 않습니다.
C:\Program Files (x86)\Microsoft Visual Studio\2019\Community\VC\Tools\MSVC\14.24.28314\include\type_traits(671,21): error C4233: 비표준 확장이 사용됨: '__is_assignable' 키워드는 C++에서만 지원되고 C에서는 지원되지 않습니다.
C:\Program Files (x86)\Microsoft Visual Studio\2019\Community\VC\Tools\MSVC\14.24.28314\include\type_traits(676,51): error C4233: 비표준 확장이 사용됨: '__is_assignable' 키워드는 C++에서만 지원되고 C에서는 지원되지 않습니다.
C:\Program Files (x86)\Microsoft Visual Studio\2019\Community\VC\Tools\MSVC\14.24.28314\include\type_traits(682,21): error C4233: 비표준 확장이 사용됨: '__is_assignable_no_precondition_check' 키워드는 C++에서만 지원되고 C에서는 지원되지 않습니다.
C:\Program Files (x86)\Microsoft Visual Studio\2019\Community\VC\Tools\MSVC\14.24.28314\include\type_traits(686,62): error C4233: 비표준 확장이 사용됨: '__is_assignable_no_precondition_check' 키워드는 C++에서만 지원되고 C에서는 지원되지 않습니다.
C:\Program Files (x86)\Microsoft Visual Studio\2019\Community\VC\Tools\MSVC\14.24.28314\include\type_traits(698,43): error C4233: 비표준 확장이 사용됨: '__is_assignable' 키워드는 C++에서만 지원되고 C에서는 지원되지 않습니다.
C:\Program Files (x86)\Microsoft Visual Studio\2019\Community\VC\Tools\MSVC\14.24.28314\include\type_traits(703,51): error C4233: 비표준 확장이 사용됨: '__is_assignable' 키워드는 C++에서만 지원되고 C에서는 지원되지 않습니다.
C:\Program Files (x86)\Microsoft Visual Studio\2019\Community\VC\Tools\MSVC\14.24.28314\include\type_traits(708,21): error C4233: 비표준 확장이 사용됨: '__is_assignable_no_precondition_check' 키워드는 C++에서만 지원되고 C에서는 지원되지 않습니다.
C:\Program Files (x86)\Microsoft Visual Studio\2019\Community\VC\Tools\MSVC\14.24.28314\include\type_traits(711,62): error C4233: 비표준 확장이 사용됨: '__is_assignable_no_precondition_check' 키워드는 C++에서만 지원되고 C에서는 지원되지 않습니다.
C:\Program Files (x86)\Microsoft Visual Studio\2019\Community\VC\Tools\MSVC\14.24.28314\include\type_traits(723,40): error C4233: 비표준 확장이 사용됨: '__is_destructible' 키워드는 C++에서만 지원되고 C에서는 지원되지 않습니다.
C:\Program Files (x86)\Microsoft Visual Studio\2019\Community\VC\Tools\MSVC\14.24.28314\include\type_traits(728,48): error C4233: 비표준 확장이 사용됨: '__is_destructible' 키워드는 C++에서만 지원되고 C에서는 지원되지 않습니다.
C:\Program Files (x86)\Microsoft Visual Studio\2019\Community\VC\Tools\MSVC\14.24.28314\include\type_traits(733,51): error C4233: 비표준 확장이 사용됨: '__is_trivially_constructible' 키워드는 C++에서만 지원되고 C에서는 지원되지 않습니다.
C:\Program Files (x86)\Microsoft Visual Studio\2019\Community\VC\Tools\MSVC\14.24.28314\include\type_traits(738,59): error C4233: 비표준 확장이 사용됨: '__is_trivially_constructible' 키워드는 C++에서만 지원되고 C에서는 지원되지 않습니다.
C:\Program Files (x86)\Microsoft Visual Studio\2019\Community\VC\Tools\MSVC\14.24.28314\include\type_traits(743,21): error C4233: 비표준 확장이 사용됨: '__is_trivially_constructible' 키워드는 C++에서만 지원되고 C에서는 지원되지 않습니다.
C:\Program Files (x86)\Microsoft Visual Studio\2019\Community\VC\Tools\MSVC\14.24.28314\include\type_traits(748,64): error C4233: 비표준 확장이 사용됨: '__is_trivially_constructible' 키워드는 C++에서만 지원되고 C에서는 지원되지 않습니다.
C:\Program Files (x86)\Microsoft Visual Studio\2019\Community\VC\Tools\MSVC\14.24.28314\include\type_traits(753,59): error C4233: 비표준 확장이 사용됨: '__is_trivially_constructible' 키워드는 C++에서만 지원되고 C에서는 지원되지 않습니다.
C:\Program Files (x86)\Microsoft Visual Studio\2019\Community\VC\Tools\MSVC\14.24.28314\include\type_traits(758,67): error C4233: 비표준 확장이 사용됨: '__is_trivially_constructible' 키워드는 C++에서만 지원되고 C에서는 지원되지 않습니다.
C:\Program Files (x86)\Microsoft Visual Studio\2019\Community\VC\Tools\MSVC\14.24.28314\include\type_traits(762,56): error C4233: 비표준 확장이 사용됨: '__is_trivially_constructible' 키워드는 C++에서만 지원되고 C에서는 지원되지 않습니다.
C:\Program Files (x86)\Microsoft Visual Studio\2019\Community\VC\Tools\MSVC\14.24.28314\include\type_traits(767,64): error C4233: 비표준 확장이 사용됨: '__is_trivially_constructible' 키워드는 C++에서만 지원되고 C에서는 지원되지 않습니다.
C:\Program Files (x86)\Microsoft Visual Studio\2019\Community\VC\Tools\MSVC\14.24.28314\include\type_traits(771,48): error C4233: 비표준 확장이 사용됨: '__is_trivially_assignable' 키워드는 C++에서만 지원되고 C에서는 지원되지 않습니다.
C:\Program Files (x86)\Microsoft Visual Studio\2019\Community\VC\Tools\MSVC\14.24.28314\include\type_traits(776,56): error C4233: 비표준 확장이 사용됨: '__is_trivially_assignable' 키워드는 C++에서만 지원되고 C에서는 지원되지 않습니다.
C:\Program Files (x86)\Microsoft Visual Studio\2019\Community\VC\Tools\MSVC\14.24.28314\include\type_traits(781,21): error C4233: 비표준 확장이 사용됨: '__is_trivially_assignable' 키워드는 C++에서만 지원되고 C에서는 지원되지 않습니다.
C:\Program Files (x86)\Microsoft Visual Studio\2019\Community\VC\Tools\MSVC\14.24.28314\include\type_traits(786,61): error C4233: 비표준 확장이 사용됨: '__is_trivially_assignable' 키워드는 C++에서만 지원되고 C에서는 지원되지 않습니다.
C:\Program Files (x86)\Microsoft Visual Studio\2019\Community\VC\Tools\MSVC\14.24.28314\include\type_traits(791,53): error C4233: 비표준 확장이 사용됨: '__is_trivially_assignable' 키워드는 C++에서만 지원되고 C에서는 지원되지 않습니다.
C:\Program Files (x86)\Microsoft Visual Studio\2019\Community\VC\Tools\MSVC\14.24.28314\include\type_traits(796,61): error C4233: 비표준 확장이 사용됨: '__is_trivially_assignable' 키워드는 C++에서만 지원되고 C에서는 지원되지 않습니다.
C:\Program Files (x86)\Microsoft Visual Studio\2019\Community\VC\Tools\MSVC\14.24.28314\include\type_traits(800,50): error C4233: 비표준 확장이 사용됨: '__is_trivially_destructible' 키워드는 C++에서만 지원되고 C에서는 지원되지 않습니다.
C:\Program Files (x86)\Microsoft Visual Studio\2019\Community\VC\Tools\MSVC\14.24.28314\include\type_traits(805,58): error C4233: 비표준 확장이 사용됨: '__is_trivially_destructible' 키워드는 C++에서만 지원되고 C에서는 지원되지 않습니다.
C:\Program Files (x86)\Microsoft Visual Studio\2019\Community\VC\Tools\MSVC\14.24.28314\include\type_traits(810,49): error C4233: 비표준 확장이 사용됨: '__is_nothrow_constructible' 키워드는 C++에서만 지원되고 C에서는 지원되지 않습니다.
C:\Program Files (x86)\Microsoft Visual Studio\2019\Community\VC\Tools\MSVC\14.24.28314\include\type_traits(815,57): error C4233: 비표준 확장이 사용됨: '__is_nothrow_constructible' 키워드는 C++에서만 지원되고 C에서는 지원되지 않습니다.
C:\Program Files (x86)\Microsoft Visual Studio\2019\Community\VC\Tools\MSVC\14.24.28314\include\type_traits(820,21): error C4233: 비표준 확장이 사용됨: '__is_nothrow_constructible' 키워드는 C++에서만 지원되고 C에서는 지원되지 않습니다.
C:\Program Files (x86)\Microsoft Visual Studio\2019\Community\VC\Tools\MSVC\14.24.28314\include\type_traits(826,62): error C4233: 비표준 확장이 사용됨: '__is_nothrow_constructible' 키워드는 C++에서만 지원되고 C에서는 지원되지 않습니다.
C:\Program Files (x86)\Microsoft Visual Studio\2019\Community\VC\Tools\MSVC\14.24.28314\include\type_traits(831,57): error C4233: 비표준 확장이 사용됨: '__is_nothrow_constructible' 키워드는 C++에서만 지원되고 C에서는 지원되지 않습니다.
C:\Program Files (x86)\Microsoft Visual Studio\2019\Community\VC\Tools\MSVC\14.24.28314\include\type_traits(836,65): error C4233: 비표준 확장이 사용됨: '__is_nothrow_constructible' 키워드는 C++에서만 지원되고 C에서는 지원되지 않습니다.
C:\Program Files (x86)\Microsoft Visual Studio\2019\Community\VC\Tools\MSVC\14.24.28314\include\type_traits(840,54): error C4233: 비표준 확장이 사용됨: '__is_nothrow_constructible' 키워드는 C++에서만 지원되고 C에서는 지원되지 않습니다.
C:\Program Files (x86)\Microsoft Visual Studio\2019\Community\VC\Tools\MSVC\14.24.28314\include\type_traits(845,62): error C4233: 비표준 확장이 사용됨: '__is_nothrow_constructible' 키워드는 C++에서만 지원되고 C에서는 지원되지 않습니다.
C:\Program Files (x86)\Microsoft Visual Studio\2019\Community\VC\Tools\MSVC\14.24.28314\include\type_traits(849,46): error C4233: 비표준 확장이 사용됨: '__is_nothrow_assignable' 키워드는 C++에서만 지원되고 C에서는 지원되지 않습니다.
C:\Program Files (x86)\Microsoft Visual Studio\2019\Community\VC\Tools\MSVC\14.24.28314\include\type_traits(854,54): error C4233: 비표준 확장이 사용됨: '__is_nothrow_assignable' 키워드는 C++에서만 지원되고 C에서는 지원되지 않습니다.
C:\Program Files (x86)\Microsoft Visual Studio\2019\Community\VC\Tools\MSVC\14.24.28314\include\type_traits(859,21): error C4233: 비표준 확장이 사용됨: '__is_nothrow_assignable' 키워드는 C++에서만 지원되고 C에서는 지원되지 않습니다.
C:\Program Files (x86)\Microsoft Visual Studio\2019\Community\VC\Tools\MSVC\14.24.28314\include\type_traits(864,59): error C4233: 비표준 확장이 사용됨: '__is_nothrow_assignable' 키워드는 C++에서만 지원되고 C에서는 지원되지 않습니다.
C:\Program Files (x86)\Microsoft Visual Studio\2019\Community\VC\Tools\MSVC\14.24.28314\include\type_traits(869,51): error C4233: 비표준 확장이 사용됨: '__is_nothrow_assignable' 키워드는 C++에서만 지원되고 C에서는 지원되지 않습니다.
C:\Program Files (x86)\Microsoft Visual Studio\2019\Community\VC\Tools\MSVC\14.24.28314\include\type_traits(874,59): error C4233: 비표준 확장이 사용됨: '__is_nothrow_assignable' 키워드는 C++에서만 지원되고 C에서는 지원되지 않습니다.
C:\Program Files (x86)\Microsoft Visual Studio\2019\Community\VC\Tools\MSVC\14.24.28314\include\type_traits(878,48): error C4233: 비표준 확장이 사용됨: '__is_nothrow_destructible' 키워드는 C++에서만 지원되고 C에서는 지원되지 않습니다.
C:\Program Files (x86)\Microsoft Visual Studio\2019\Community\VC\Tools\MSVC\14.24.28314\include\type_traits(884,56): error C4233: 비표준 확장이 사용됨: '__is_nothrow_destructible' 키워드는 C++에서만 지원되고 C에서는 지원되지 않습니다.
C:\Program Files (x86)\Microsoft Visual Studio\2019\Community\VC\Tools\MSVC\14.24.28314\include\type_traits(1132,18): error C4233: 비표준 확장이 사용됨: '__underlying_type' 키워드는 C++에서만 지원되고 C에서는 지원되지 않습니다.
C:\Program Files (x86)\Microsoft Visual Studio\2019\Community\VC\Tools\MSVC\14.24.28314\include\type_traits(1169,35): error C4233: 비표준 확장이 사용됨: '__is_base_of' 키워드는 C++에서만 지원되고 C에서는 지원되지 않습니다.
C:\Program Files (x86)\Microsoft Visual Studio\2019\Community\VC\Tools\MSVC\14.24.28314\include\type_traits(1174,43): error C4233: 비표준 확장이 사용됨: '__is_base_of' 키워드는 C++에서만 지원되고 C에서는 지원되지 않습니다.
C:\Users\syj\Documents\동아리 PROJECT\알고리즘 스터디\9주차 문제\2240번_자두나무\2240번_자두나무\소스.c(89,1): fatal error C1004: 예기치 않은 파일의 끝이 나타났습니다.
